[13-Feb-2021 02:08:08 UTC] PHP Parse error:  syntax error, unexpected 'echo' (T_ECHO) in C:\Users\Josefa\Desktop\Curso-WEBS\misrecetaswp\app\public\wp-content\themes\Misrecetas\index.php on line 16
[13-Feb-2021 02:21:07 UTC] PHP Parse error:  syntax error, unexpected 'register_nav_menus' (T_STRING) in C:\Users\Josefa\Desktop\Curso-WEBS\misrecetaswp\app\public\wp-content\themes\Misrecetas\functions.php on line 3
[13-Feb-2021 02:21:08 UTC] PHP Parse error:  syntax error, unexpected 'register_nav_menus' (T_STRING) in C:\Users\Josefa\Desktop\Curso-WEBS\misrecetaswp\app\public\wp-content\themes\Misrecetas\functions.php on line 3
[13-Feb-2021 02:21:19 UTC] PHP Parse error:  syntax error, unexpected 'register_nav_menus' (T_STRING) in C:\Users\Josefa\Desktop\Curso-WEBS\misrecetaswp\app\public\wp-content\themes\Misrecetas\functions.php on line 3
[13-Feb-2021 02:21:19 UTC] PHP Parse error:  syntax error, unexpected 'register_nav_menus' (T_STRING) in C:\Users\Josefa\Desktop\Curso-WEBS\misrecetaswp\app\public\wp-content\themes\Misrecetas\functions.php on line 3
[13-Feb-2021 02:21:21 UTC] PHP Parse error:  syntax error, unexpected 'register_nav_menus' (T_STRING) in C:\Users\Josefa\Desktop\Curso-WEBS\misrecetaswp\app\public\wp-content\themes\Misrecetas\functions.php on line 3
[13-Feb-2021 02:21:21 UTC] PHP Parse error:  syntax error, unexpected 'register_nav_menus' (T_STRING) in C:\Users\Josefa\Desktop\Curso-WEBS\misrecetaswp\app\public\wp-content\themes\Misrecetas\functions.php on line 3
[13-Feb-2021 02:21:29 UTC] PHP Parse error:  syntax error, unexpected 'register_nav_menus' (T_STRING) in C:\Users\Josefa\Desktop\Curso-WEBS\misrecetaswp\app\public\wp-content\themes\Misrecetas\functions.php on line 3
[13-Feb-2021 02:21:46 UTC] PHP Parse error:  syntax error, unexpected 'register_nav_menus' (T_STRING) in C:\Users\Josefa\Desktop\Curso-WEBS\misrecetaswp\app\public\wp-content\themes\Misrecetas\functions.php on line 3
[13-Feb-2021 02:21:46 UTC] PHP Parse error:  syntax error, unexpected 'register_nav_menus' (T_STRING) in C:\Users\Josefa\Desktop\Curso-WEBS\misrecetaswp\app\public\wp-content\themes\Misrecetas\functions.php on line 3
[13-Feb-2021 02:23:26 UTC] PHP Parse error:  syntax error, unexpected 'register_nav_menus' (T_STRING) in C:\Users\Josefa\Desktop\Curso-WEBS\misrecetaswp\app\public\wp-content\themes\Misrecetas\functions.php on line 3
[13-Feb-2021 02:23:26 UTC] PHP Parse error:  syntax error, unexpected 'register_nav_menus' (T_STRING) in C:\Users\Josefa\Desktop\Curso-WEBS\misrecetaswp\app\public\wp-content\themes\Misrecetas\functions.php on line 3
[13-Feb-2021 02:24:15 UTC] PHP Parse error:  syntax error, unexpected 'register_nav_menus' (T_STRING) in C:\Users\Josefa\Desktop\Curso-WEBS\misrecetaswp\app\public\wp-content\themes\Misrecetas\functions.php on line 3
[13-Feb-2021 02:24:16 UTC] PHP Parse error:  syntax error, unexpected 'register_nav_menus' (T_STRING) in C:\Users\Josefa\Desktop\Curso-WEBS\misrecetaswp\app\public\wp-content\themes\Misrecetas\functions.php on line 3
[13-Feb-2021 02:24:38 UTC] PHP Parse error:  syntax error, unexpected 'register_nav_menu' (T_STRING) in C:\Users\Josefa\Desktop\Curso-WEBS\misrecetaswp\app\public\wp-content\themes\Misrecetas\functions.php on line 3
[13-Feb-2021 02:24:38 UTC] PHP Parse error:  syntax error, unexpected 'register_nav_menu' (T_STRING) in C:\Users\Josefa\Desktop\Curso-WEBS\misrecetaswp\app\public\wp-content\themes\Misrecetas\functions.php on line 3
[13-Feb-2021 02:24:58 UTC] PHP Parse error:  syntax error, unexpected 'register_nav_menu' (T_STRING) in C:\Users\Josefa\Desktop\Curso-WEBS\misrecetaswp\app\public\wp-content\themes\Misrecetas\functions.php on line 3
[13-Feb-2021 02:24:58 UTC] PHP Parse error:  syntax error, unexpected 'register_nav_menu' (T_STRING) in C:\Users\Josefa\Desktop\Curso-WEBS\misrecetaswp\app\public\wp-content\themes\Misrecetas\functions.php on line 3
[13-Feb-2021 02:25:22 UTC] PHP Parse error:  syntax error, unexpected end of file in C:\Users\Josefa\Desktop\Curso-WEBS\misrecetaswp\app\public\wp-content\themes\Misrecetas\functions.php on line 3
[13-Feb-2021 02:25:22 UTC] PHP Parse error:  syntax error, unexpected end of file in C:\Users\Josefa\Desktop\Curso-WEBS\misrecetaswp\app\public\wp-content\themes\Misrecetas\functions.php on line 3
[13-Feb-2021 02:25:36 UTC] PHP Parse error:  syntax error, unexpected end of file in C:\Users\Josefa\Desktop\Curso-WEBS\misrecetaswp\app\public\wp-content\themes\Misrecetas\functions.php on line 3
[13-Feb-2021 02:25:36 UTC] PHP Parse error:  syntax error, unexpected end of file in C:\Users\Josefa\Desktop\Curso-WEBS\misrecetaswp\app\public\wp-content\themes\Misrecetas\functions.php on line 3
[13-Feb-2021 02:25:40 UTC] PHP Parse error:  syntax error, unexpected end of file in C:\Users\Josefa\Desktop\Curso-WEBS\misrecetaswp\app\public\wp-content\themes\Misrecetas\functions.php on line 3
[13-Feb-2021 02:25:40 UTC] PHP Parse error:  syntax error, unexpected end of file in C:\Users\Josefa\Desktop\Curso-WEBS\misrecetaswp\app\public\wp-content\themes\Misrecetas\functions.php on line 3
[13-Feb-2021 02:25:46 UTC] PHP Parse error:  syntax error, unexpected end of file in C:\Users\Josefa\Desktop\Curso-WEBS\misrecetaswp\app\public\wp-content\themes\Misrecetas\functions.php on line 3
[13-Feb-2021 02:25:47 UTC] PHP Parse error:  syntax error, unexpected end of file in C:\Users\Josefa\Desktop\Curso-WEBS\misrecetaswp\app\public\wp-content\themes\Misrecetas\functions.php on line 3
[13-Feb-2021 02:27:50 UTC] PHP Parse error:  syntax error, unexpected 'register_nav_menus' (T_STRING) in C:\Users\Josefa\Desktop\Curso-WEBS\misrecetaswp\app\public\wp-content\themes\Misrecetas\functions.php on line 2
[13-Feb-2021 02:27:50 UTC] PHP Parse error:  syntax error, unexpected 'register_nav_menus' (T_STRING) in C:\Users\Josefa\Desktop\Curso-WEBS\misrecetaswp\app\public\wp-content\themes\Misrecetas\functions.php on line 2
[13-Feb-2021 02:28:36 UTC] PHP Parse error:  syntax error, unexpected 'registered_nav_menus' (T_STRING) in C:\Users\Josefa\Desktop\Curso-WEBS\misrecetaswp\app\public\wp-content\themes\Misrecetas\functions.php on line 2
[13-Feb-2021 02:28:36 UTC] PHP Parse error:  syntax error, unexpected 'registered_nav_menus' (T_STRING) in C:\Users\Josefa\Desktop\Curso-WEBS\misrecetaswp\app\public\wp-content\themes\Misrecetas\functions.php on line 2
[13-Feb-2021 02:28:51 UTC] PHP Parse error:  syntax error, unexpected 'registered_nav_menus' (T_STRING) in C:\Users\Josefa\Desktop\Curso-WEBS\misrecetaswp\app\public\wp-content\themes\Misrecetas\functions.php on line 2
[13-Feb-2021 02:28:51 UTC] PHP Parse error:  syntax error, unexpected 'registered_nav_menus' (T_STRING) in C:\Users\Josefa\Desktop\Curso-WEBS\misrecetaswp\app\public\wp-content\themes\Misrecetas\functions.php on line 2
[13-Feb-2021 02:35:01 UTC] PHP Parse error:  syntax error, unexpected 'register_nav_menus' (T_STRING) in C:\Users\Josefa\Desktop\Curso-WEBS\misrecetaswp\app\public\wp-content\themes\Misrecetas\functions.php on line 3
[13-Feb-2021 02:35:01 UTC] PHP Parse error:  syntax error, unexpected 'register_nav_menus' (T_STRING) in C:\Users\Josefa\Desktop\Curso-WEBS\misrecetaswp\app\public\wp-content\themes\Misrecetas\functions.php on line 3
[13-Feb-2021 02:35:14 UTC] PHP Parse error:  syntax error, unexpected 'register_nav_menus' (T_STRING) in C:\Users\Josefa\Desktop\Curso-WEBS\misrecetaswp\app\public\wp-content\themes\Misrecetas\functions.php on line 3
[13-Feb-2021 02:35:14 UTC] PHP Parse error:  syntax error, unexpected 'register_nav_menus' (T_STRING) in C:\Users\Josefa\Desktop\Curso-WEBS\misrecetaswp\app\public\wp-content\themes\Misrecetas\functions.php on line 3
[13-Feb-2021 02:36:41 UTC] PHP Parse error:  syntax error, unexpected 'register_nav_menus' (T_STRING) in C:\Users\Josefa\Desktop\Curso-WEBS\misrecetaswp\app\public\wp-content\themes\Misrecetas\functions.php on line 4
[13-Feb-2021 02:36:41 UTC] PHP Parse error:  syntax error, unexpected 'register_nav_menus' (T_STRING) in C:\Users\Josefa\Desktop\Curso-WEBS\misrecetaswp\app\public\wp-content\themes\Misrecetas\functions.php on line 4
[13-Feb-2021 02:37:09 UTC] PHP Parse error:  syntax error, unexpected 'register__nav__menus' (T_STRING) in C:\Users\Josefa\Desktop\Curso-WEBS\misrecetaswp\app\public\wp-content\themes\Misrecetas\functions.php on line 4
[13-Feb-2021 02:37:09 UTC] PHP Parse error:  syntax error, unexpected 'register__nav__menus' (T_STRING) in C:\Users\Josefa\Desktop\Curso-WEBS\misrecetaswp\app\public\wp-content\themes\Misrecetas\functions.php on line 4
[13-Feb-2021 02:38:56 UTC] PHP Parse error:  syntax error, unexpected 'register_nav_menus' (T_STRING) in C:\Users\Josefa\Desktop\Curso-WEBS\misrecetaswp\app\public\wp-content\themes\Misrecetas\functions.php on line 1
[13-Feb-2021 02:38:56 UTC] PHP Parse error:  syntax error, unexpected 'register_nav_menus' (T_STRING) in C:\Users\Josefa\Desktop\Curso-WEBS\misrecetaswp\app\public\wp-content\themes\Misrecetas\functions.php on line 1
[13-Feb-2021 02:39:55 UTC] PHP Parse error:  syntax error, unexpected 'register_nav_menus' (T_STRING) in C:\Users\Josefa\Desktop\Curso-WEBS\misrecetaswp\app\public\wp-content\themes\Misrecetas\functions.php on line 3
[13-Feb-2021 02:39:55 UTC] PHP Parse error:  syntax error, unexpected 'register_nav_menus' (T_STRING) in C:\Users\Josefa\Desktop\Curso-WEBS\misrecetaswp\app\public\wp-content\themes\Misrecetas\functions.php on line 3
[13-Feb-2021 02:43:36 UTC] PHP Parse error:  syntax error, unexpected 'register_nav_menus' (T_STRING) in C:\Users\Josefa\Desktop\Curso-WEBS\misrecetaswp\app\public\wp-content\themes\Misrecetas\functions.php on line 3
[13-Feb-2021 02:43:36 UTC] PHP Parse error:  syntax error, unexpected 'register_nav_menus' (T_STRING) in C:\Users\Josefa\Desktop\Curso-WEBS\misrecetaswp\app\public\wp-content\themes\Misrecetas\functions.php on line 3
[13-Feb-2021 02:43:52 UTC] PHP Parse error:  syntax error, unexpected 'register_nav_menus' (T_STRING) in C:\Users\Josefa\Desktop\Curso-WEBS\misrecetaswp\app\public\wp-content\themes\Misrecetas\functions.php on line 3
[13-Feb-2021 02:43:52 UTC] PHP Parse error:  syntax error, unexpected 'register_nav_menus' (T_STRING) in C:\Users\Josefa\Desktop\Curso-WEBS\misrecetaswp\app\public\wp-content\themes\Misrecetas\functions.php on line 3
[13-Feb-2021 02:44:03 UTC] PHP Parse error:  syntax error, unexpected 'register_nav_menus' (T_STRING) in C:\Users\Josefa\Desktop\Curso-WEBS\misrecetaswp\app\public\wp-content\themes\Misrecetas\functions.php on line 3
[13-Feb-2021 02:44:03 UTC] PHP Parse error:  syntax error, unexpected 'register_nav_menus' (T_STRING) in C:\Users\Josefa\Desktop\Curso-WEBS\misrecetaswp\app\public\wp-content\themes\Misrecetas\functions.php on line 3
[13-Feb-2021 11:56:34 UTC] PHP Parse error:  syntax error, unexpected 'register_nav_menus' (T_STRING) in C:\Users\Josefa\Desktop\Curso-WEBS\misrecetaswp\app\public\wp-content\themes\Misrecetas\functions.php on line 3
[13-Feb-2021 11:56:36 UTC] PHP Parse error:  syntax error, unexpected 'register_nav_menus' (T_STRING) in C:\Users\Josefa\Desktop\Curso-WEBS\misrecetaswp\app\public\wp-content\themes\Misrecetas\functions.php on line 3
[13-Feb-2021 11:56:36 UTC] PHP Parse error:  syntax error, unexpected 'register_nav_menus' (T_STRING) in C:\Users\Josefa\Desktop\Curso-WEBS\misrecetaswp\app\public\wp-content\themes\Misrecetas\functions.php on line 3
[13-Feb-2021 11:56:45 UTC] PHP Parse error:  syntax error, unexpected 'register_nav_menus' (T_STRING) in C:\Users\Josefa\Desktop\Curso-WEBS\misrecetaswp\app\public\wp-content\themes\Misrecetas\functions.php on line 3
[13-Feb-2021 11:56:45 UTC] PHP Parse error:  syntax error, unexpected 'register_nav_menus' (T_STRING) in C:\Users\Josefa\Desktop\Curso-WEBS\misrecetaswp\app\public\wp-content\themes\Misrecetas\functions.php on line 3
[13-Feb-2021 12:09:31 UTC] PHP Parse error:  syntax error, unexpected 'get_header' (T_STRING) in C:\Users\Josefa\Desktop\Curso-WEBS\misrecetaswp\app\public\wp-content\themes\Misrecetas\index.php on line 1
[13-Feb-2021 12:16:51 UTC] PHP Parse error:  syntax error, unexpected 'get_header' (T_STRING) in C:\Users\Josefa\Desktop\Curso-WEBS\misrecetaswp\app\public\wp-content\themes\Misrecetas\index.php on line 1
[13-Feb-2021 12:19:48 UTC] PHP Parse error:  syntax error, unexpected 'register_nav_menus' (T_STRING) in C:\Users\Josefa\Desktop\Curso-WEBS\misrecetaswp\app\public\wp-content\themes\Misrecetas\functions.php on line 3
[13-Feb-2021 12:21:21 UTC] PHP Parse error:  syntax error, unexpected 'register_nav_menus' (T_STRING) in C:\Users\Josefa\Desktop\Curso-WEBS\misrecetaswp\app\public\wp-content\themes\Misrecetas\functions.php on line 3
[13-Feb-2021 12:22:21 UTC] PHP Parse error:  syntax error, unexpected 'register_nav_menus' (T_STRING) in C:\Users\Josefa\Desktop\Curso-WEBS\misrecetaswp\app\public\wp-content\themes\Misrecetas\functions.php on line 3
[13-Feb-2021 12:23:22 UTC] PHP Parse error:  syntax error, unexpected 'register_nav_menus' (T_STRING) in C:\Users\Josefa\Desktop\Curso-WEBS\misrecetaswp\app\public\wp-content\themes\Misrecetas\functions.php on line 3
[13-Feb-2021 12:25:23 UTC] PHP Parse error:  syntax error, unexpected 'register_nav_menus' (T_STRING) in C:\Users\Josefa\Desktop\Curso-WEBS\misrecetaswp\app\public\wp-content\themes\Misrecetas\functions.php on line 3
[13-Feb-2021 12:27:24 UTC] PHP Parse error:  syntax error, unexpected 'register_nav_menus' (T_STRING) in C:\Users\Josefa\Desktop\Curso-WEBS\misrecetaswp\app\public\wp-content\themes\Misrecetas\functions.php on line 3
[13-Feb-2021 12:27:32 UTC] PHP Parse error:  syntax error, unexpected 'register_nav_menus' (T_STRING) in C:\Users\Josefa\Desktop\Curso-WEBS\misrecetaswp\app\public\wp-content\themes\Misrecetas\functions.php on line 3
[13-Feb-2021 12:27:32 UTC] PHP Parse error:  syntax error, unexpected 'register_nav_menus' (T_STRING) in C:\Users\Josefa\Desktop\Curso-WEBS\misrecetaswp\app\public\wp-content\themes\Misrecetas\functions.php on line 3
[13-Feb-2021 17:25:42 UTC] PHP Parse error:  syntax error, unexpected 'register_nav_menus' (T_STRING) in C:\Users\Josefa\Desktop\Curso-WEBS\misrecetaswp\app\public\wp-content\themes\Misrecetas\functions.php on line 3
[13-Feb-2021 17:26:43 UTC] PHP Parse error:  syntax error, unexpected 'register_nav_menus' (T_STRING) in C:\Users\Josefa\Desktop\Curso-WEBS\misrecetaswp\app\public\wp-content\themes\Misrecetas\functions.php on line 3
[13-Feb-2021 17:28:03 UTC] PHP Parse error:  syntax error, unexpected 'register_nav_menus' (T_STRING) in C:\Users\Josefa\Desktop\Curso-WEBS\misrecetaswp\app\public\wp-content\themes\Misrecetas\functions.php on line 3
[13-Feb-2021 17:29:04 UTC] PHP Parse error:  syntax error, unexpected 'register_nav_menus' (T_STRING) in C:\Users\Josefa\Desktop\Curso-WEBS\misrecetaswp\app\public\wp-content\themes\Misrecetas\functions.php on line 3
[13-Feb-2021 17:31:05 UTC] PHP Parse error:  syntax error, unexpected 'if' (T_IF) in C:\Users\Josefa\Desktop\Curso-WEBS\misrecetaswp\app\public\wp-content\themes\Misrecetas\functions.php on line 3
[13-Feb-2021 17:33:06 UTC] PHP Parse error:  syntax error, unexpected 'if' (T_IF) in C:\Users\Josefa\Desktop\Curso-WEBS\misrecetaswp\app\public\wp-content\themes\Misrecetas\functions.php on line 3
[13-Feb-2021 17:35:07 UTC] PHP Parse error:  syntax error, unexpected 'if' (T_IF) in C:\Users\Josefa\Desktop\Curso-WEBS\misrecetaswp\app\public\wp-content\themes\Misrecetas\functions.php on line 3
[13-Feb-2021 17:37:08 UTC] PHP Parse error:  syntax error, unexpected 'if' (T_IF) in C:\Users\Josefa\Desktop\Curso-WEBS\misrecetaswp\app\public\wp-content\themes\Misrecetas\functions.php on line 3
[13-Feb-2021 17:39:47 UTC] PHP Parse error:  syntax error, unexpected 'if' (T_IF) in C:\Users\Josefa\Desktop\Curso-WEBS\misrecetaswp\app\public\wp-content\themes\Misrecetas\functions.php on line 24
[13-Feb-2021 17:39:47 UTC] PHP Parse error:  syntax error, unexpected 'if' (T_IF) in C:\Users\Josefa\Desktop\Curso-WEBS\misrecetaswp\app\public\wp-content\themes\Misrecetas\functions.php on line 24
[13-Feb-2021 17:42:32 UTC] PHP Parse error:  syntax error, unexpected 'if' (T_IF) in C:\Users\Josefa\Desktop\Curso-WEBS\misrecetaswp\app\public\wp-content\themes\Misrecetas\functions.php on line 3
[13-Feb-2021 17:42:32 UTC] PHP Parse error:  syntax error, unexpected 'if' (T_IF) in C:\Users\Josefa\Desktop\Curso-WEBS\misrecetaswp\app\public\wp-content\themes\Misrecetas\functions.php on line 3
[13-Feb-2021 17:42:50 UTC] PHP Parse error:  syntax error, unexpected 'if' (T_IF) in C:\Users\Josefa\Desktop\Curso-WEBS\misrecetaswp\app\public\wp-content\themes\Misrecetas\functions.php on line 3
[13-Feb-2021 17:42:52 UTC] PHP Parse error:  syntax error, unexpected 'if' (T_IF) in C:\Users\Josefa\Desktop\Curso-WEBS\misrecetaswp\app\public\wp-content\themes\Misrecetas\functions.php on line 3
[13-Feb-2021 17:42:52 UTC] PHP Parse error:  syntax error, unexpected 'if' (T_IF) in C:\Users\Josefa\Desktop\Curso-WEBS\misrecetaswp\app\public\wp-content\themes\Misrecetas\functions.php on line 3
[13-Feb-2021 17:42:59 UTC] PHP Parse error:  syntax error, unexpected 'if' (T_IF) in C:\Users\Josefa\Desktop\Curso-WEBS\misrecetaswp\app\public\wp-content\themes\Misrecetas\functions.php on line 3
[13-Feb-2021 17:42:59 UTC] PHP Parse error:  syntax error, unexpected 'if' (T_IF) in C:\Users\Josefa\Desktop\Curso-WEBS\misrecetaswp\app\public\wp-content\themes\Misrecetas\functions.php on line 3
[13-Feb-2021 17:43:58 UTC] PHP Parse error:  syntax error, unexpected 'if' (T_IF) in C:\Users\Josefa\Desktop\Curso-WEBS\misrecetaswp\app\public\wp-content\themes\Misrecetas\functions.php on line 3
[13-Feb-2021 17:43:58 UTC] PHP Parse error:  syntax error, unexpected 'if' (T_IF) in C:\Users\Josefa\Desktop\Curso-WEBS\misrecetaswp\app\public\wp-content\themes\Misrecetas\functions.php on line 3
[13-Feb-2021 17:56:43 UTC] PHP Parse error:  syntax error, unexpected 'if' (T_IF) in C:\Users\Josefa\Desktop\Curso-WEBS\misrecetaswp\app\public\wp-content\themes\Misrecetas\functions.php on line 3
[13-Feb-2021 17:56:43 UTC] PHP Parse error:  syntax error, unexpected 'if' (T_IF) in C:\Users\Josefa\Desktop\Curso-WEBS\misrecetaswp\app\public\wp-content\themes\Misrecetas\functions.php on line 3
[13-Feb-2021 17:56:54 UTC] PHP Parse error:  syntax error, unexpected 'if' (T_IF) in C:\Users\Josefa\Desktop\Curso-WEBS\misrecetaswp\app\public\wp-content\themes\Misrecetas\functions.php on line 3
[13-Feb-2021 17:56:54 UTC] PHP Parse error:  syntax error, unexpected 'if' (T_IF) in C:\Users\Josefa\Desktop\Curso-WEBS\misrecetaswp\app\public\wp-content\themes\Misrecetas\functions.php on line 3
[13-Feb-2021 17:56:55 UTC] PHP Parse error:  syntax error, unexpected 'if' (T_IF) in C:\Users\Josefa\Desktop\Curso-WEBS\misrecetaswp\app\public\wp-content\themes\Misrecetas\functions.php on line 3
[13-Feb-2021 17:56:55 UTC] PHP Parse error:  syntax error, unexpected 'if' (T_IF) in C:\Users\Josefa\Desktop\Curso-WEBS\misrecetaswp\app\public\wp-content\themes\Misrecetas\functions.php on line 3
[13-Feb-2021 17:58:01 UTC] PHP Parse error:  syntax error, unexpected 'if' (T_IF) in C:\Users\Josefa\Desktop\Curso-WEBS\misrecetaswp\app\public\wp-content\themes\Misrecetas\functions.php on line 3
[13-Feb-2021 17:58:01 UTC] PHP Parse error:  syntax error, unexpected 'if' (T_IF) in C:\Users\Josefa\Desktop\Curso-WEBS\misrecetaswp\app\public\wp-content\themes\Misrecetas\functions.php on line 3
[13-Feb-2021 17:58:05 UTC] PHP Parse error:  syntax error, unexpected 'if' (T_IF) in C:\Users\Josefa\Desktop\Curso-WEBS\misrecetaswp\app\public\wp-content\themes\Misrecetas\functions.php on line 3
[13-Feb-2021 17:58:05 UTC] PHP Parse error:  syntax error, unexpected 'if' (T_IF) in C:\Users\Josefa\Desktop\Curso-WEBS\misrecetaswp\app\public\wp-content\themes\Misrecetas\functions.php on line 3
[13-Feb-2021 18:00:21 UTC] PHP Parse error:  syntax error, unexpected 'if' (T_IF) in C:\Users\Josefa\Desktop\Curso-WEBS\misrecetaswp\app\public\wp-content\themes\Misrecetas\functions.php on line 3
[13-Feb-2021 18:00:21 UTC] PHP Parse error:  syntax error, unexpected 'if' (T_IF) in C:\Users\Josefa\Desktop\Curso-WEBS\misrecetaswp\app\public\wp-content\themes\Misrecetas\functions.php on line 3
[13-Feb-2021 18:00:24 UTC] PHP Parse error:  syntax error, unexpected 'if' (T_IF) in C:\Users\Josefa\Desktop\Curso-WEBS\misrecetaswp\app\public\wp-content\themes\Misrecetas\functions.php on line 3
[13-Feb-2021 18:00:24 UTC] PHP Parse error:  syntax error, unexpected 'if' (T_IF) in C:\Users\Josefa\Desktop\Curso-WEBS\misrecetaswp\app\public\wp-content\themes\Misrecetas\functions.php on line 3
[13-Feb-2021 18:00:38 UTC] PHP Parse error:  syntax error, unexpected 'if' (T_IF) in C:\Users\Josefa\Desktop\Curso-WEBS\misrecetaswp\app\public\wp-content\themes\Misrecetas\functions.php on line 3
[13-Feb-2021 18:07:15 UTC] PHP Parse error:  syntax error, unexpected 'if' (T_IF) in C:\Users\Josefa\Desktop\Curso-WEBS\misrecetaswp\app\public\wp-content\themes\Misrecetas\functions.php on line 3
[13-Feb-2021 18:07:15 UTC] PHP Parse error:  syntax error, unexpected 'if' (T_IF) in C:\Users\Josefa\Desktop\Curso-WEBS\misrecetaswp\app\public\wp-content\themes\Misrecetas\functions.php on line 3
[13-Feb-2021 18:08:01 UTC] PHP Parse error:  syntax error, unexpected 'if' (T_IF) in C:\Users\Josefa\Desktop\Curso-WEBS\misrecetaswp\app\public\wp-content\themes\Misrecetas\functions.php on line 3
[13-Feb-2021 18:08:01 UTC] PHP Parse error:  syntax error, unexpected 'if' (T_IF) in C:\Users\Josefa\Desktop\Curso-WEBS\misrecetaswp\app\public\wp-content\themes\Misrecetas\functions.php on line 3
[13-Feb-2021 18:09:36 UTC] PHP Parse error:  syntax error, unexpected 'if' (T_IF) in C:\Users\Josefa\Desktop\Curso-WEBS\misrecetaswp\app\public\wp-content\themes\Misrecetas\functions.php on line 3
[13-Feb-2021 18:09:36 UTC] PHP Parse error:  syntax error, unexpected 'if' (T_IF) in C:\Users\Josefa\Desktop\Curso-WEBS\misrecetaswp\app\public\wp-content\themes\Misrecetas\functions.php on line 3
[13-Feb-2021 18:22:12 UTC] PHP Parse error:  syntax error, unexpected 'if' (T_IF) in C:\Users\Josefa\Desktop\Curso-WEBS\misrecetaswp\app\public\wp-content\themes\Misrecetas\functions.php on line 3
[13-Feb-2021 18:22:12 UTC] PHP Parse error:  syntax error, unexpected 'if' (T_IF) in C:\Users\Josefa\Desktop\Curso-WEBS\misrecetaswp\app\public\wp-content\themes\Misrecetas\functions.php on line 3
[13-Feb-2021 18:22:15 UTC] PHP Parse error:  syntax error, unexpected 'if' (T_IF) in C:\Users\Josefa\Desktop\Curso-WEBS\misrecetaswp\app\public\wp-content\themes\Misrecetas\functions.php on line 3
[13-Feb-2021 18:22:15 UTC] PHP Parse error:  syntax error, unexpected 'if' (T_IF) in C:\Users\Josefa\Desktop\Curso-WEBS\misrecetaswp\app\public\wp-content\themes\Misrecetas\functions.php on line 3
[13-Feb-2021 18:22:17 UTC] PHP Parse error:  syntax error, unexpected 'if' (T_IF) in C:\Users\Josefa\Desktop\Curso-WEBS\misrecetaswp\app\public\wp-content\themes\Misrecetas\functions.php on line 3
[13-Feb-2021 18:22:17 UTC] PHP Parse error:  syntax error, unexpected 'if' (T_IF) in C:\Users\Josefa\Desktop\Curso-WEBS\misrecetaswp\app\public\wp-content\themes\Misrecetas\functions.php on line 3
[13-Feb-2021 18:22:20 UTC] PHP Parse error:  syntax error, unexpected 'if' (T_IF) in C:\Users\Josefa\Desktop\Curso-WEBS\misrecetaswp\app\public\wp-content\themes\Misrecetas\functions.php on line 3
[13-Feb-2021 18:22:20 UTC] PHP Parse error:  syntax error, unexpected 'if' (T_IF) in C:\Users\Josefa\Desktop\Curso-WEBS\misrecetaswp\app\public\wp-content\themes\Misrecetas\functions.php on line 3
[13-Feb-2021 18:22:21 UTC] PHP Parse error:  syntax error, unexpected 'if' (T_IF) in C:\Users\Josefa\Desktop\Curso-WEBS\misrecetaswp\app\public\wp-content\themes\Misrecetas\functions.php on line 3
[13-Feb-2021 18:22:21 UTC] PHP Parse error:  syntax error, unexpected 'if' (T_IF) in C:\Users\Josefa\Desktop\Curso-WEBS\misrecetaswp\app\public\wp-content\themes\Misrecetas\functions.php on line 3
[13-Feb-2021 18:27:09 UTC] PHP Parse error:  syntax error, unexpected 'if' (T_IF) in C:\Users\Josefa\Desktop\Curso-WEBS\misrecetaswp\app\public\wp-content\themes\Misrecetas\functions.php on line 3
[13-Feb-2021 18:27:10 UTC] PHP Parse error:  syntax error, unexpected 'if' (T_IF) in C:\Users\Josefa\Desktop\Curso-WEBS\misrecetaswp\app\public\wp-content\themes\Misrecetas\functions.php on line 3
[13-Feb-2021 18:27:14 UTC] PHP Parse error:  syntax error, unexpected 'if' (T_IF) in C:\Users\Josefa\Desktop\Curso-WEBS\misrecetaswp\app\public\wp-content\themes\Misrecetas\functions.php on line 3
[13-Feb-2021 18:27:14 UTC] PHP Parse error:  syntax error, unexpected 'if' (T_IF) in C:\Users\Josefa\Desktop\Curso-WEBS\misrecetaswp\app\public\wp-content\themes\Misrecetas\functions.php on line 3
